FXC : warning X4717: Effects deprecated for D3DCompiler_47
  
  compilation object save succeeded; see C:\Users\Usame\source\repos\gamephysicstemplate\Win32\Debug\effect.fxo
  TemplateSimulator.cpp
C:\Users\Usame\source\repos\gamephysicstemplate\Simulations\util\vectorbase.h(11,1): warning C4005: 'NOMINMAX': macro redefinition
C:\Users\Usame\source\repos\gamephysicstemplate\Simulations\TemplateSimulator.cpp : message : see previous definition of 'NOMINMAX'
C:\Users\Usame\source\repos\gamephysicstemplate\Simulations\util\vectorbase.h(204,36): warning C4244: 'argument': conversion from 'const Scalar' to 'float', possible loss of data
          with
          [
              Scalar=GamePhysics::Real
          ]
C:\Users\Usame\source\repos\gamephysicstemplate\Simulations\util\vectorbase.h(203): message : while compiling class template member function 'DirectX::XMVECTOR GamePhysics::vector3Dim<GamePhysics::Real>::toDirectXVector(void) const'
C:\Users\Usame\source\repos\gamephysicstemplate\Simulations\DrawingUtilitiesClass.h(285): message : see reference to function template instantiation 'DirectX::XMVECTOR GamePhysics::vector3Dim<GamePhysics::Real>::toDirectXVector(void) const' being compiled
C:\Users\Usame\source\repos\gamephysicstemplate\Simulations\util\vectorbase.h(859): message : see reference to class template instantiation 'GamePhysics::vector3Dim<GamePhysics::Real>' being compiled
C:\Users\Usame\source\repos\gamephysicstemplate\Simulations\util\vectorbase.h(204,34): warning C4244: 'argument': conversion from 'const Scalar' to 'float', possible loss of data
          with
          [
              Scalar=GamePhysics::Real
          ]
C:\Users\Usame\source\repos\gamephysicstemplate\Simulations\util\vectorbase.h(204,32): warning C4244: 'argument': conversion from 'const Scalar' to 'float', possible loss of data
          with
          [
              Scalar=GamePhysics::Real
          ]
C:\Users\Usame\source\repos\gamephysicstemplate\Simulations\util\matrixbase.h(777,79): warning C4244: 'argument': conversion from 'Scalar' to 'float', possible loss of data
          with
          [
              Scalar=double
          ]
C:\Users\Usame\source\repos\gamephysicstemplate\Simulations\util\matrixbase.h(773): message : while compiling class template member function 'DirectX::XMMATRIX GamePhysics::matrix4x4<double>::toDirectXMatrix(void)'
C:\Users\Usame\source\repos\gamephysicstemplate\Simulations\DrawingUtilitiesClass.h(380): message : see reference to function template instantiation 'DirectX::XMMATRIX GamePhysics::matrix4x4<double>::toDirectXMatrix(void)' being compiled
C:\Users\Usame\source\repos\gamephysicstemplate\Simulations\DrawingUtilitiesClass.h(379): message : see reference to class template instantiation 'GamePhysics::matrix4x4<double>' being compiled
C:\Users\Usame\source\repos\gamephysicstemplate\Simulations\util\matrixbase.h(777,61): warning C4244: 'argument': conversion from 'Scalar' to 'float', possible loss of data
          with
          [
              Scalar=double
          ]
C:\Users\Usame\source\repos\gamephysicstemplate\Simulations\util\matrixbase.h(777,43): warning C4244: 'argument': conversion from 'Scalar' to 'float', possible loss of data
          with
          [
              Scalar=double
          ]
C:\Users\Usame\source\repos\gamephysicstemplate\Simulations\util\matrixbase.h(777,25): warning C4244: 'argument': conversion from 'Scalar' to 'float', possible loss of data
          with
          [
              Scalar=double
          ]
C:\Users\Usame\source\repos\gamephysicstemplate\Simulations\util\matrixbase.h(776,79): warning C4244: 'argument': conversion from 'Scalar' to 'float', possible loss of data
          with
          [
              Scalar=double
          ]
C:\Users\Usame\source\repos\gamephysicstemplate\Simulations\util\matrixbase.h(776,61): warning C4244: 'argument': conversion from 'Scalar' to 'float', possible loss of data
          with
          [
              Scalar=double
          ]
C:\Users\Usame\source\repos\gamephysicstemplate\Simulations\util\matrixbase.h(776,43): warning C4244: 'argument': conversion from 'Scalar' to 'float', possible loss of data
          with
          [
              Scalar=double
          ]
C:\Users\Usame\source\repos\gamephysicstemplate\Simulations\util\matrixbase.h(776,25): warning C4244: 'argument': conversion from 'Scalar' to 'float', possible loss of data
          with
          [
              Scalar=double
          ]
C:\Users\Usame\source\repos\gamephysicstemplate\Simulations\util\matrixbase.h(775,79): warning C4244: 'argument': conversion from 'Scalar' to 'float', possible loss of data
          with
          [
              Scalar=double
          ]
C:\Users\Usame\source\repos\gamephysicstemplate\Simulations\util\matrixbase.h(775,61): warning C4244: 'argument': conversion from 'Scalar' to 'float', possible loss of data
          with
          [
              Scalar=double
          ]
C:\Users\Usame\source\repos\gamephysicstemplate\Simulations\util\matrixbase.h(775,43): warning C4244: 'argument': conversion from 'Scalar' to 'float', possible loss of data
          with
          [
              Scalar=double
          ]
C:\Users\Usame\source\repos\gamephysicstemplate\Simulations\util\matrixbase.h(775,25): warning C4244: 'argument': conversion from 'Scalar' to 'float', possible loss of data
          with
          [
              Scalar=double
          ]
C:\Users\Usame\source\repos\gamephysicstemplate\Simulations\util\matrixbase.h(774,97): warning C4244: 'argument': conversion from 'Scalar' to 'float', possible loss of data
          with
          [
              Scalar=double
          ]
C:\Users\Usame\source\repos\gamephysicstemplate\Simulations\util\matrixbase.h(774,79): warning C4244: 'argument': conversion from 'Scalar' to 'float', possible loss of data
          with
          [
              Scalar=double
          ]
C:\Users\Usame\source\repos\gamephysicstemplate\Simulations\util\matrixbase.h(774,61): warning C4244: 'argument': conversion from 'Scalar' to 'float', possible loss of data
          with
          [
              Scalar=double
          ]
C:\Users\Usame\source\repos\gamephysicstemplate\Simulations\util\matrixbase.h(774,43): warning C4244: 'argument': conversion from 'Scalar' to 'float', possible loss of data
          with
          [
              Scalar=double
          ]
  FFmpeg.cpp
  util.cpp
  DiffusionSimulator.cpp
C:\Users\Usame\source\repos\gamephysicstemplate\Simulations\util\vectorbase.h(11,1): warning C4005: 'NOMINMAX': macro redefinition
C:\Users\Usame\source\repos\gamephysicstemplate\Simulations\DiffusionSimulator.cpp : message : see previous definition of 'NOMINMAX'
C:\Users\Usame\source\repos\gamephysicstemplate\Simulations\DiffusionSimulator.cpp(107,52): warning C4244: 'argument': conversion from 'Real' to 'int', possible loss of data
C:\Users\Usame\source\repos\gamephysicstemplate\Simulations\util\vectorbase.h(204,36): warning C4244: 'argument': conversion from 'const Scalar' to 'float', possible loss of data
          with
          [
              Scalar=GamePhysics::Real
          ]
C:\Users\Usame\source\repos\gamephysicstemplate\Simulations\util\vectorbase.h(203): message : while compiling class template member function 'DirectX::XMVECTOR GamePhysics::vector3Dim<GamePhysics::Real>::toDirectXVector(void) const'
C:\Users\Usame\source\repos\gamephysicstemplate\Simulations\DrawingUtilitiesClass.h(285): message : see reference to function template instantiation 'DirectX::XMVECTOR GamePhysics::vector3Dim<GamePhysics::Real>::toDirectXVector(void) const' being compiled
C:\Users\Usame\source\repos\gamephysicstemplate\Simulations\util\vectorbase.h(859): message : see reference to class template instantiation 'GamePhysics::vector3Dim<GamePhysics::Real>' being compiled
C:\Users\Usame\source\repos\gamephysicstemplate\Simulations\util\vectorbase.h(204,34): warning C4244: 'argument': conversion from 'const Scalar' to 'float', possible loss of data
          with
          [
              Scalar=GamePhysics::Real
          ]
C:\Users\Usame\source\repos\gamephysicstemplate\Simulations\util\vectorbase.h(204,32): warning C4244: 'argument': conversion from 'const Scalar' to 'float', possible loss of data
          with
          [
              Scalar=GamePhysics::Real
          ]
C:\Users\Usame\source\repos\gamephysicstemplate\Simulations\pcgsolver.h(730,12): warning C4244: 'argument': conversion from '__int64' to 'const unsigned int', possible loss of data
C:\Users\Usame\source\repos\gamephysicstemplate\Simulations\pcgsolver.h(722): message : while compiling class template member function 'void SparsePCGSolver<Real>::apply_preconditioner(const std::vector<double,std::allocator<double>> &,std::vector<double,std::allocator<double>> &,int)'
C:\Users\Usame\source\repos\gamephysicstemplate\Simulations\pcgsolver.h(656): message : see reference to function template instantiation 'void SparsePCGSolver<Real>::apply_preconditioner(const std::vector<double,std::allocator<double>> &,std::vector<double,std::allocator<double>> &,int)' being compiled
C:\Users\Usame\source\repos\gamephysicstemplate\Simulations\DiffusionSimulator.cpp(106): message : see reference to class template instantiation 'SparsePCGSolver<Real>' being compiled
C:\Users\Usame\source\repos\gamephysicstemplate\Simulations\pcgsolver.h(730,19): warning C4244: 'argument': conversion from '__int64' to 'const unsigned int', possible loss of data
C:\Users\Usame\source\repos\gamephysicstemplate\Simulations\pcgsolver.h(730,42): warning C4244: 'argument': conversion from '__int64' to 'const unsigned int', possible loss of data
C:\Users\Usame\source\repos\gamephysicstemplate\Simulations\util\matrixbase.h(777,79): warning C4244: 'argument': conversion from 'Scalar' to 'float', possible loss of data
          with
          [
              Scalar=double
          ]
C:\Users\Usame\source\repos\gamephysicstemplate\Simulations\util\matrixbase.h(773): message : while compiling class template member function 'DirectX::XMMATRIX GamePhysics::matrix4x4<double>::toDirectXMatrix(void)'
C:\Users\Usame\source\repos\gamephysicstemplate\Simulations\DrawingUtilitiesClass.h(380): message : see reference to function template instantiation 'DirectX::XMMATRIX GamePhysics::matrix4x4<double>::toDirectXMatrix(void)' being compiled
C:\Users\Usame\source\repos\gamephysicstemplate\Simulations\DrawingUtilitiesClass.h(379): message : see reference to class template instantiation 'GamePhysics::matrix4x4<double>' being compiled
C:\Users\Usame\source\repos\gamephysicstemplate\Simulations\util\matrixbase.h(777,61): warning C4244: 'argument': conversion from 'Scalar' to 'float', possible loss of data
          with
          [
              Scalar=double
          ]
C:\Users\Usame\source\repos\gamephysicstemplate\Simulations\util\matrixbase.h(777,43): warning C4244: 'argument': conversion from 'Scalar' to 'float', possible loss of data
          with
          [
              Scalar=double
          ]
C:\Users\Usame\source\repos\gamephysicstemplate\Simulations\util\matrixbase.h(777,25): warning C4244: 'argument': conversion from 'Scalar' to 'float', possible loss of data
          with
          [
              Scalar=double
          ]
C:\Users\Usame\source\repos\gamephysicstemplate\Simulations\util\matrixbase.h(776,79): warning C4244: 'argument': conversion from 'Scalar' to 'float', possible loss of data
          with
          [
              Scalar=double
          ]
C:\Users\Usame\source\repos\gamephysicstemplate\Simulations\util\matrixbase.h(776,61): warning C4244: 'argument': conversion from 'Scalar' to 'float', possible loss of data
          with
          [
              Scalar=double
          ]
C:\Users\Usame\source\repos\gamephysicstemplate\Simulations\util\matrixbase.h(776,43): warning C4244: 'argument': conversion from 'Scalar' to 'float', possible loss of data
          with
          [
              Scalar=double
          ]
C:\Users\Usame\source\repos\gamephysicstemplate\Simulations\util\matrixbase.h(776,25): warning C4244: 'argument': conversion from 'Scalar' to 'float', possible loss of data
          with
          [
              Scalar=double
          ]
C:\Users\Usame\source\repos\gamephysicstemplate\Simulations\util\matrixbase.h(775,79): warning C4244: 'argument': conversion from 'Scalar' to 'float', possible loss of data
          with
          [
              Scalar=double
          ]
C:\Users\Usame\source\repos\gamephysicstemplate\Simulations\util\matrixbase.h(775,61): warning C4244: 'argument': conversion from 'Scalar' to 'float', possible loss of data
          with
          [
              Scalar=double
          ]
C:\Users\Usame\source\repos\gamephysicstemplate\Simulations\util\matrixbase.h(775,43): warning C4244: 'argument': conversion from 'Scalar' to 'float', possible loss of data
          with
          [
              Scalar=double
          ]
C:\Users\Usame\source\repos\gamephysicstemplate\Simulations\util\matrixbase.h(775,25): warning C4244: 'argument': conversion from 'Scalar' to 'float', possible loss of data
          with
          [
              Scalar=double
          ]
C:\Users\Usame\source\repos\gamephysicstemplate\Simulations\util\matrixbase.h(774,97): warning C4244: 'argument': conversion from 'Scalar' to 'float', possible loss of data
          with
          [
              Scalar=double
          ]
C:\Users\Usame\source\repos\gamephysicstemplate\Simulations\util\matrixbase.h(774,79): warning C4244: 'argument': conversion from 'Scalar' to 'float', possible loss of data
          with
          [
              Scalar=double
          ]
C:\Users\Usame\source\repos\gamephysicstemplate\Simulations\util\matrixbase.h(774,61): warning C4244: 'argument': conversion from 'Scalar' to 'float', possible loss of data
          with
          [
              Scalar=double
          ]
C:\Users\Usame\source\repos\gamephysicstemplate\Simulations\util\matrixbase.h(774,43): warning C4244: 'argument': conversion from 'Scalar' to 'float', possible loss of data
          with
          [
              Scalar=double
          ]
C:\Users\Usame\source\repos\gamephysicstemplate\Simulations\pcgsolver.h(389,14): warning C4244: 'initializing': conversion from '__int64' to 'unsigned int', possible loss of data
C:\Users\Usame\source\repos\gamephysicstemplate\Simulations\pcgsolver.h(667): message : see reference to function template instantiation 'void multiply<T>(const FixedSparseMatrix<T> &,const std::vector<double,std::allocator<double>> &,std::vector<double,std::allocator<double>> &)' being compiled
          with
          [
              T=Real
          ]
C:\Users\Usame\source\repos\gamephysicstemplate\Simulations\pcgsolver.h(641): message : while compiling class template member function 'bool SparsePCGSolver<Real>::solve(const SparseMatrix<double> &,const std::vector<double,std::allocator<double>> &,std::vector<double,std::allocator<double>> &,T &,int &,int)'
          with
          [
              T=Real
          ]
C:\Users\Usame\source\repos\gamephysicstemplate\Simulations\DiffusionSimulator.cpp(113): message : see reference to function template instantiation 'bool SparsePCGSolver<Real>::solve(const SparseMatrix<double> &,const std::vector<double,std::allocator<double>> &,std::vector<double,std::allocator<double>> &,T &,int &,int)' being compiled
          with
          [
              T=Real
          ]
C:\Users\Usame\source\repos\gamephysicstemplate\Simulations\pcgsolver.h(395,4): warning C4244: '=': conversion from '__int64' to 'int', possible loss of data
  Generating Code...
  Demo_2017.vcxproj -> C:\Users\Usame\source\repos\gamephysicstemplate\Win32\Debug\Simulations.lib
